#
# There is insufficient memory for the Java Runtime Environment to continue.
# Native memory allocation (mmap) failed to map 268435456 bytes for G1 virtual space
# Possible reasons:
#   The system is out of physical RAM or swap space
#   The process is running with CompressedOops enabled, and the Java Heap may be blocking the growth of the native heap
# Possible solutions:
#   Reduce memory load on the system
#   Increase physical memory or swap space
#   Check if swap backing store is full
#   Decrease Java heap size (-Xmx/-Xms)
#   Decrease number of Java threads
#   Decrease Java thread stack sizes (-Xss)
#   Set larger code cache with -XX:ReservedCodeCacheSize=
#   JVM is running with Zero Based Compressed Oops mode in which the Java heap is
#     placed in the first 32GB address space. The Java Heap base address is the
#     maximum limit for the native heap growth. Please use -XX:HeapBaseMinAddress
#     to set the Java Heap base and to place the Java Heap above 32GB virtual address.
# This output file may be truncated or incomplete.
#
#  Out of Memory Error (os_windows.cpp:3532), pid=25412, tid=25492
#
# JRE version:  (17.0.2+8) (build )
# Java VM: OpenJDK 64-Bit Server VM (17.0.2+8, mixed mode, sharing, tiered, compressed oops, compressed class ptrs, g1 gc, windows-amd64)
# No core dump will be written. Minidumps are not enabled by default on client versions of Windows
#

---------------  S U M M A R Y ------------

Command Line: -XX:+ShowCodeDetailsInExceptionMessages -Dfile.encoding=UTF-8 com.example.userdatabase.api.ApiApplication

Host: Intel(R) Core(TM) i5-7500 CPU @ 3.40GHz, 4 cores, 15G,  Windows 10 , 64 bit Build 19041 (10.0.19041.1503)
Time: Mon Mar  7 23:25:38 2022 Jerusalem Standard Time elapsed time: 0.043932 seconds (0d 0h 0m 0s)

---------------  T H R E A D  ---------------

Current thread (0x0000016645346b90):  JavaThread "Unknown thread" [_thread_in_vm, id=25492, stack(0x0000003da4600000,0x0000003da4700000)]

Stack: [0x0000003da4600000,0x0000003da4700000]
Native frames: (J=compiled Java code, j=interpreted, Vv=VM code, C=native code)
V  [jvm.dll+0x67564a]
V  [jvm.dll+0x82fc04]
V  [jvm.dll+0x8313ae]
V  [jvm.dll+0x831a13]
V  [jvm.dll+0x245235]
V  [jvm.dll+0x672539]
V  [jvm.dll+0x666e82]
V  [jvm.dll+0x30401b]
V  [jvm.dll+0x30b566]
V  [jvm.dll+0x35b1fe]
V  [jvm.dll+0x35b42f]
V  [jvm.dll+0x2daf58]
V  [jvm.dll+0x2dbec4]
V  [jvm.dll+0x801881]
V  [jvm.dll+0x368f81]
V  [jvm.dll+0x7e0cdc]
V  [jvm.dll+0x3eb8bf]
V  [jvm.dll+0x3ed441]
C  [jli.dll+0x5277]
C  [ucrtbase.dll+0x21bb2]
C  [KERNEL32.DLL+0x17034]
C  [ntdll.dll+0x52651]


---------------  P R O C E S S  ---------------

Threads class SMR info:
_java_thread_list=0x00007ff81f435e98, length=0, elements={
}

Java Threads: ( => current thread )

Other Threads:
  0x00000166453978d0 GCTaskThread "GC Thread#0" [stack: 0x0000003da4700000,0x0000003da4800000] [id=25496]
  0x00000166453a8ec0 ConcurrentGCThread "G1 Main Marker" [stack: 0x0000003da4800000,0x0000003da4900000] [id=25500]
  0x00000166453a98d0 ConcurrentGCThread "G1 Conc#0" [stack: 0x0000003da4900000,0x0000003da4a00000] [id=25504]

[error occurred during error reporting (printing all threads), id 0xc0000005, EXCEPTION_ACCESS_VIOLATION (0xc0000005) at pc=0x00007ff81ec0b9d7]

VM state: not at safepoint (not fully initialized)

VM Mutex/Monitor currently owned by a thread:  ([mutex/lock_event])
[0x0000016645341290] Heap_lock - owner thread: 0x0000016645346b90

Heap address: 0x0000000700e00000, size: 4082 MB, Compressed Oops mode: Zero based, Oop shift amount: 3

CDS archive(s) mapped at: [0x0000000000000000-0x0000000000000000-0x0000000000000000), size 0, SharedBaseAddress: 0x0000000800000000, ArchiveRelocationMode: 0.
Narrow klass base: 0x0000000000000000, Narrow klass shift: 0, Narrow klass range: 0x0

GC Precious Log:
<Empty>

Heap:
 garbage-first heap   total 0K, used 0K [0x0000000700e00000, 0x0000000800000000)
  region size 2048K, 0 young (0K), 0 survivors (0K)

[error occurred during error reporting (printing heap information), id 0xc0000005, EXCEPTION_ACCESS_VIOLATION (0xc0000005) at pc=0x00007ff81efee899]

GC Heap History (0 events):
No events

Deoptimization events (0 events):
No events

Classes unloaded (0 events):
No events

Classes redefined (0 events):
No events

Internal exceptions (0 events):
No events

VM Operations (0 events):
No events

Events (1 events):
Event: 0.007 Loaded shared library C:\Users\Greg\.vscode\extensions\redhat.java-1.4.0\jre\17.0.2-win32-x86_64\bin\java.dll


Dynamic libraries:
0x00007ff632430000 - 0x00007ff63243e000 	C:\Users\Greg\.vscode\extensions\redhat.java-1.4.0\jre\17.0.2-win32-x86_64\bin\java.exe
0x00007ff88fcd0000 - 0x00007ff88fec5000 	C:\WINDOWS\SYSTEM32\ntdll.dll
0x00007ff85d290000 - 0x00007ff85d2a6000 	C:\Program Files\Avast Software\Avast\aswhook.dll
0x00007ff88e3f0000 - 0x00007ff88e4ae000 	C:\WINDOWS\System32\KERNEL32.DLL
0x00007ff88d9c0000 - 0x00007ff88dc88000 	C:\WINDOWS\System32\KERNELBASE.dll
0x00007ff88d480000 - 0x00007ff88d580000 	C:\WINDOWS\System32\ucrtbase.dll
0x00007ff887df0000 - 0x00007ff887e08000 	C:\Users\Greg\.vscode\extensions\redhat.java-1.4.0\jre\17.0.2-win32-x86_64\bin\jli.dll
0x00007ff88ef40000 - 0x00007ff88f0e0000 	C:\WINDOWS\System32\USER32.dll
0x00007ff88d990000 - 0x00007ff88d9b2000 	C:\WINDOWS\System32\win32u.dll
0x00007ff88dd20000 - 0x00007ff88dd4b000 	C:\WINDOWS\System32\GDI32.dll
0x00007ff88d630000 - 0x00007ff88d73d000 	C:\WINDOWS\System32\gdi32full.dll
0x00007ff88d740000 - 0x00007ff88d7dd000 	C:\WINDOWS\System32\msvcp_win.dll
0x00007ff888350000 - 0x00007ff888369000 	C:\Users\Greg\.vscode\extensions\redhat.java-1.4.0\jre\17.0.2-win32-x86_64\bin\VCRUNTIME140.dll
0x00007ff87bb00000 - 0x00007ff87bd9a000 	C:\WINDOWS\WinSxS\amd64_microsoft.windows.common-controls_6595b64144ccf1df_6.0.19041.1110_none_60b5254171f9507e\COMCTL32.dll
0x00007ff88e630000 - 0x00007ff88e6ce000 	C:\WINDOWS\System32\msvcrt.dll
0x00007ff88f2d0000 - 0x00007ff88f300000 	C:\WINDOWS\System32\IMM32.DLL
0x00007ff88a770000 - 0x00007ff88a77c000 	C:\Users\Greg\.vscode\extensions\redhat.java-1.4.0\jre\17.0.2-win32-x86_64\bin\vcruntime140_1.dll
0x00007ff861550000 - 0x00007ff8615e1000 	C:\Users\Greg\.vscode\extensions\redhat.java-1.4.0\jre\17.0.2-win32-x86_64\bin\msvcp140.dll
0x00007ff81e920000 - 0x00007ff81f567000 	C:\Users\Greg\.vscode\extensions\redhat.java-1.4.0\jre\17.0.2-win32-x86_64\bin\server\jvm.dll
0x00007ff88e6d0000 - 0x00007ff88e77e000 	C:\WINDOWS\System32\ADVAPI32.dll
0x00007ff88dd50000 - 0x00007ff88ddec000 	C:\WINDOWS\System32\sechost.dll
0x00007ff88faf0000 - 0x00007ff88fc15000 	C:\WINDOWS\System32\RPCRT4.dll
0x00007ff88dfb0000 - 0x00007ff88dfb8000 	C:\WINDOWS\System32\PSAPI.DLL
0x00007ff87e060000 - 0x00007ff87e087000 	C:\WINDOWS\SYSTEM32\WINMM.dll
0x00007ff87a000000 - 0x00007ff87a009000 	C:\WINDOWS\SYSTEM32\WSOCK32.dll
0x00007ff8854d0000 - 0x00007ff8854da000 	C:\WINDOWS\SYSTEM32\VERSION.dll
0x00007ff88fc20000 - 0x00007ff88fc8b000 	C:\WINDOWS\System32\WS2_32.dll
0x00007ff88b2f0000 - 0x00007ff88b302000 	C:\WINDOWS\SYSTEM32\kernel.appcore.dll
0x00007ff889ca0000 - 0x00007ff889caa000 	C:\Users\Greg\.vscode\extensions\redhat.java-1.4.0\jre\17.0.2-win32-x86_64\bin\jimage.dll
0x00007ff88ab10000 - 0x00007ff88acf4000 	C:\WINDOWS\SYSTEM32\DBGHELP.DLL
0x00007ff8837e0000 - 0x00007ff88380c000 	C:\WINDOWS\SYSTEM32\dbgcore.DLL
0x00007ff88dc90000 - 0x00007ff88dd12000 	C:\WINDOWS\System32\bcryptPrimitives.dll
0x00007ff87a890000 - 0x00007ff87a8b5000 	C:\Users\Greg\.vscode\extensions\redhat.java-1.4.0\jre\17.0.2-win32-x86_64\bin\java.dll

dbghelp: loaded successfully - version: 4.0.5 - missing functions: none
symbol engine: initialized successfully - sym options: 0x614 - pdb path: .;C:\Users\Greg\.vscode\extensions\redhat.java-1.4.0\jre\17.0.2-win32-x86_64\bin;C:\WINDOWS\SYSTEM32;C:\Program Files\Avast Software\Avast;C:\WINDOWS\WinSxS\amd64_microsoft.windows.common-controls_6595b64144ccf1df_6.0.19041.1110_none_60b5254171f9507e;C:\Users\Greg\.vscode\extensions\redhat.java-1.4.0\jre\17.0.2-win32-x86_64\bin\server

VM Arguments:
jvm_args: -XX:+ShowCodeDetailsInExceptionMessages -Dfile.encoding=UTF-8 
java_command: com.example.userdatabase.api.ApiApplication
java_class_path (initial): C:\Users\Greg\Desktop\Studies\DocDok\api\bin\main;C:\Users\Greg\.gradle\caches\modules-2\files-2.1\org.springframework.boot\spring-boot-starter-data-jpa\2.6.4\f12f4ceb6765c1ab892a6bc72dad5aaad670a87f\spring-boot-starter-data-jpa-2.6.4.jar;C:\Users\Greg\.gradle\caches\modules-2\files-2.1\org.springframework.boot\spring-boot-starter-web\2.6.4\4aa74a41a8ff99e256433805b0ee63a6053d6b6c\spring-boot-starter-web-2.6.4.jar;C:\Users\Greg\.gradle\caches\modules-2\files-2.1\org.springframework.boot\spring-boot-starter-aop\2.6.4\13e3695074a176ca4e22543b084943e5932b3b5f\spring-boot-starter-aop-2.6.4.jar;C:\Users\Greg\.gradle\caches\modules-2\files-2.1\org.springframework.boot\spring-boot-starter-jdbc\2.6.4\19047bf41d1f01a3b5e82f90ac77dceefadda943\spring-boot-starter-jdbc-2.6.4.jar;C:\Users\Greg\.gradle\caches\modules-2\files-2.1\jakarta.transaction\jakarta.transaction-api\1.3.3\c4179d48720a1e87202115fbed6089bdc4195405\jakarta.transaction-api-1.3.3.jar;C:\Users\Greg\.gradle\caches\modules-2\files-2.1\jakarta.persistence\jakarta.persistence-api\2.2.3\8f6ea5daedc614f07a3654a455660145286f024e\jakarta.persistence-api-2.2.3.jar;C:\Users\Greg\.gradle\caches\modules-2\files-2.1\org.hibernate\hibernate-core\5.6.5.Final\d5c41d9018d16ca6076726f0f037ba8a0ebc0cb4\hibernate-core-5.6.5.Final.jar;C:\Users\Greg\.gradle\caches\modules-2\files-2.1\org.springframework.data\spring-data-jpa\2.6.2\aa7da518dee4b20433c7e055ef5f2cda584f412f\spring-data-jpa-2.6.2.jar;C:\Users\Greg\.gradle\caches\modules-2\files-2.1\org.springframework\spring-aspects\5.3.16\499f2cd13d26fc0d6eb3312f0251c4f380300001\spring-aspects-5.3.16.jar;C:\Users\Greg\.gradle\caches\modules-2\files-2.1\org.springframework.boot\spring-boot-starter-json\2.6.4\9aa13f5bd6e09510d89ec3874118f027613a9565\spring-boot-starter-json-2.6.4.jar;C:\Users\Greg\.gradle\caches\modules-2\files-2.1\org.springframework.boot\spring-boot-starter\2.6.4\31adf5f726b6a5703815b99056110b96db7eff58\spring-boot-starter-2.6.4.jar;C:\Users\G
Launcher Type: SUN_STANDARD

[Global flags]
     intx CICompilerCount                          = 3                                         {product} {ergonomic}
     uint ConcGCThreads                            = 1                                         {product} {ergonomic}
     uint G1ConcRefinementThreads                  = 4                                         {product} {ergonomic}
   size_t G1HeapRegionSize                         = 2097152                                   {product} {ergonomic}
    uintx GCDrainStackTargetSize                   = 64                                        {product} {ergonomic}
   size_t InitialHeapSize                          = 268435456                                 {product} {ergonomic}
   size_t MarkStackSize                            = 4194304                                   {product} {ergonomic}
   size_t MaxHeapSize                              = 4280287232                                {product} {ergonomic}
   size_t MinHeapDeltaBytes                        = 2097152                                   {product} {ergonomic}
   size_t MinHeapSize                              = 8388608                                   {product} {ergonomic}
    uintx NonNMethodCodeHeapSize                   = 5832780                                {pd product} {ergonomic}
    uintx NonProfiledCodeHeapSize                  = 122912730                              {pd product} {ergonomic}
    uintx ProfiledCodeHeapSize                     = 122912730                              {pd product} {ergonomic}
    uintx ReservedCodeCacheSize                    = 251658240                              {pd product} {ergonomic}
     bool SegmentedCodeCache                       = true                                      {product} {ergonomic}
     bool ShowCodeDetailsInExceptionMessages       = true                                   {manageable} {command line}
   size_t SoftMaxHeapSize                          = 4280287232                             {manageable} {ergonomic}
     bool UseCompressedClassPointers               = true                           {product lp64_product} {ergonomic}
     bool UseCompressedOops                        = true                           {product lp64_product} {ergonomic}
     bool UseG1GC                                  = true                                      {product} {ergonomic}
     bool UseLargePagesIndividualAllocation        = false                                  {pd product} {ergonomic}

Logging:
Log output configuration:
 #0: stdout all=warning uptime,level,tags
 #1: stderr all=off uptime,level,tags

Environment Variables:
PATH=C:\Program Files\Oculus\Support\oculus-runtime;C:\Program Files (x86)\Common Files\Oracle\Java\javapath;C:\ProgramData\Oracle\Java\javapath;C:\Program Files (x86)\Razer Chroma SDK\bin;C:\Program Files\Razer Chroma SDK\bin;C:\Program Files (x86)\Razer\ChromaBroadcast\bin;C:\Program Files\Razer\ChromaBroadcast\bin;C:\Program Files (x86)\Intel\iCLS Client\;C:\Program Files\Intel\iCLS Client\;C:\Windows\system32;C:\Windows;C:\Windows\System32\Wbem;C:\Windows\System32\WindowsPowerShell\v1.0\;C:\Program Files (x86)\Intel\Intel(R) Management Engine Components\DAL;C:\Program Files\Intel\Intel(R) Management Engine Components\DAL;C:\Program Files (x86)\Intel\Intel(R) Management Engine Components\IPT;C:\Program Files\Intel\Intel(R) Management Engine Components\IPT;C:\WINDOWS\system32;C:\WINDOWS;C:\WINDOWS\System32\Wbem;C:\WINDOWS\System32\WindowsPowerShell\v1.0\;C:\WINDOWS\System32\OpenSSH\;C:\Program Files (x86)\NVIDIA Corporation\PhysX\Common;C:\WINDOWS\system32\config\systemprofile\AppData\Local\Microsoft\WindowsApps;C:\Program Files\NVIDIA Corporation\NVIDIA NvDLISR;C:\WINDOWS\system32;C:\WINDOWS;C:\WINDOWS\System32\Wbem;C:\WINDOWS\System32\WindowsPowerShell\v1.0\;C:\WINDOWS\System32\OpenSSH\;C:\Program Files\Git\cmd;C:\Program Files\dotnet\;C:\Program Files\nodejs\;C:\xampp\php;C:\ProgramData\ComposerSetup\bin;C:\Users\Greg\AppData\Local\Programs\Python\Python39\Scripts\;C:\Users\Greg\AppData\Local\Programs\Python\Python39\;C:\Users\Greg\AppData\Local\Microsoft\WindowsApps;C:\Users\Greg\Desktop\μιξεγιν\FullStack\Microsoft VS Code\bin;C:\Program Files\JetBrains\PyCharm Community Edition 2020.3.3\bin;;C:\Users\Greg\AppData\Roaming\npm;C:\Users\Greg\AppData\Roaming\Composer\vendor\bin;D:\Downloads\flutter\bin;;E:\Program Files\JetBrains\IntelliJ IDEA 2021.3.2\bin;
USERNAME=Greg
OS=Windows_NT
PROCESSOR_IDENTIFIER=Intel64 Family 6 Model 158 Stepping 9, GenuineIntel



---------------  S Y S T E M  ---------------

OS:
 Windows 10 , 64 bit Build 19041 (10.0.19041.1503)
OS uptime: 1 days 1:08 hours

CPU: total 4 (initial active 4) (4 cores per cpu, 1 threads per core) family 6 model 158 stepping 9 microcode 0xb4, cx8, cmov, fxsr, mmx, 3dnowpref, sse, sse2, sse3, ssse3, sse4.1, sse4.2, popcnt, lzcnt, tsc, tscinvbit, avx, avx2, aes, erms, clmul, bmi1, bmi2, rtm, adx, fma, vzeroupper, clflush, clflushopt

Memory: 4k page, system-wide physical 16321M (4565M free)
TotalPageFile size 22141M (AvailPageFile size 49M)
current process WorkingSet (physical memory assigned to process): 10M, peak: 10M
current process commit charge ("private bytes"): 51M, peak: 307M

vm_info: OpenJDK 64-Bit Server VM (17.0.2+8) for windows-amd64 JRE (17.0.2+8), built on Jan 20 2022 04:52:34 by "" with MS VC++ 16.7 (VS2019)

END.
